warning: unused variable: `file`
   --> src/kernel.rs:180:22
    |
180 |             for (id, file) in &tape.files {
    |                      ^^^^ help: if this is intentional, prefix it with an underscore: `_file`
    |
    = note: `#[warn(unused_variables)]` (part of `#[warn(unused)]`) on by default

warning: useless assignment of variable of type `Q` to itself
   --> src/kernel.rs:269:13
    |
269 |             qt = qt; 
    |             ^^^^^^^
    |
    = note: `#[warn(dead_code)]` (part of `#[warn(unused)]`) on by default

warning: `turingosv3` (lib) generated 2 warnings (run `cargo fix --lib -p turingosv3` to apply 1 suggestion)
   Compiling hanoi_1m v0.1.0 (/home/zephryj/projects/turingosv3/experiments/hanoi_1m)
warning: unused imports: `debug` and `error`
 --> experiments/hanoi_1m/src/swarm.rs:4:17
  |
4 | use log::{info, error, debug};
  |                 ^^^^^  ^^^^^
  |
  = note: `#[warn(unused_imports)]` (part of `#[warn(unused)]`) on by default

warning: `hanoi_1m` (lib) generated 1 warning (run `cargo fix --lib -p hanoi_1m` to apply 1 suggestion)
    Finished `dev` profile [unoptimized + debuginfo] target(s) in 2.90s
     Running `target/debug/network_test`
Starting V3 MAKER Hanoi Test on Windows1-W1 GPU Backend...
>>> TuringOS Kernel Booted. Awaiting HALT. <<<
[2026-03-12T18:08:40Z INFO  hanoi_1m::swarm] >>> [Swarm] Computing Step 1/100 with 4 parallel branches...
