   Compiling turingosv3 v0.1.0 (/home/zephryj/projects/turingosv3)
warning: unused variable: `file`
   --> src/kernel.rs:180:22
    |
180 |             for (id, file) in &tape.files {
    |                      ^^^^ help: if this is intentional, prefix it with an underscore: `_file`
    |
    = note: `#[warn(unused_variables)]` (part of `#[warn(unused)]`) on by default

warning: useless assignment of variable of type `Q` to itself
   --> src/kernel.rs:268:13
    |
268 |             qt = qt; 
    |             ^^^^^^^
    |
    = note: `#[warn(dead_code)]` (part of `#[warn(unused)]`) on by default

   Compiling hanoi_1m v0.1.0 (/home/zephryj/projects/turingosv3/experiments/hanoi_1m)
warning: `turingosv3` (lib) generated 2 warnings (run `cargo fix --lib -p turingosv3` to apply 1 suggestion)
warning: unused imports: `debug` and `error`
 --> experiments/hanoi_1m/src/swarm.rs:4:17
  |
4 | use log::{info, error, debug};
  |                 ^^^^^  ^^^^^
  |
  = note: `#[warn(unused_imports)]` (part of `#[warn(unused)]`) on by default

warning: `hanoi_1m` (lib) generated 1 warning (run `cargo fix --lib -p hanoi_1m` to apply 1 suggestion)
    Finished `dev` profile [unoptimized + debuginfo] target(s) in 3.25s
     Running `target/debug/network_test`
Starting V3 MAKER Hanoi Test on Windows1-W1 GPU Backend...
>>> TuringOS Kernel Booted. Awaiting HALT. <<<
[2026-03-12T17:47:37Z INFO  hanoi_1m::swarm] >>> [Swarm] Computing Step 1/10 with 4 parallel branches...
[2026-03-12T17:48:06Z WARN  hanoi_1m::swarm] Agent 3 triggered Red-Flag: Invalid format or empty payload.
[2026-03-12T17:48:06Z WARN  hanoi_1m::swarm] Agent 2 triggered Red-Flag: Invalid format or empty payload.
[2026-03-12T17:48:06Z WARN  hanoi_1m::swarm] Agent 1 triggered Red-Flag: Invalid format or empty payload.
[2026-03-12T17:48:06Z WARN  hanoi_1m::swarm] Agent 0 triggered Red-Flag: Invalid format or empty payload.
[Tick 0] [-] REJECTED. 0 Stake Burned.
[2026-03-12T17:48:06Z INFO  hanoi_1m::swarm] >>> [Swarm] Computing Step 2/10 with 4 parallel branches...
[2026-03-12T17:48:35Z WARN  hanoi_1m::swarm] Agent 3 triggered Red-Flag: Invalid format or empty payload.
[2026-03-12T17:48:35Z WARN  hanoi_1m::swarm] Agent 1 triggered Red-Flag: Invalid format or empty payload.
[2026-03-12T17:48:35Z WARN  hanoi_1m::swarm] Agent 2 triggered Red-Flag: Invalid format or empty payload.
[2026-03-12T17:48:35Z WARN  hanoi_1m::swarm] Agent 0 triggered Red-Flag: Invalid format or empty payload.
[Tick 1] [-] REJECTED. 0 Stake Burned.
[2026-03-12T17:48:35Z INFO  hanoi_1m::swarm] >>> [Swarm] Computing Step 3/10 with 4 parallel branches...
[2026-03-12T17:49:04Z WARN  hanoi_1m::swarm] Agent 3 triggered Red-Flag: Invalid format or empty payload.
[2026-03-12T17:49:04Z WARN  hanoi_1m::swarm] Agent 2 triggered Red-Flag: Invalid format or empty payload.
[2026-03-12T17:49:04Z WARN  hanoi_1m::swarm] Agent 0 triggered Red-Flag: Invalid format or empty payload.
[2026-03-12T17:49:04Z WARN  hanoi_1m::swarm] Agent 1 triggered Red-Flag: Invalid format or empty payload.
[Tick 2] [-] REJECTED. 0 Stake Burned.
[2026-03-12T17:49:04Z INFO  hanoi_1m::swarm] >>> [Swarm] Computing Step 4/10 with 4 parallel branches...
[2026-03-12T17:49:29Z WARN  hanoi_1m::swarm] Agent 1 triggered Red-Flag: Invalid format or empty payload.
[2026-03-12T17:49:29Z WARN  hanoi_1m::swarm] Agent 0 triggered Red-Flag: Invalid format or empty payload.
[2026-03-12T17:49:29Z WARN  hanoi_1m::swarm] Agent 2 triggered Red-Flag: Invalid format or empty payload.
[Tick 3] [+] ACCEPTED. File Appended.
[2026-03-12T17:49:29Z INFO  hanoi_1m::swarm] >>> [Swarm] Computing Step 5/10 with 4 parallel branches...
[2026-03-12T17:49:58Z WARN  hanoi_1m::swarm] Agent 2 triggered Red-Flag: Invalid format or empty payload.
[2026-03-12T17:49:58Z WARN  hanoi_1m::swarm] Agent 0 triggered Red-Flag: Invalid format or empty payload.
[2026-03-12T17:49:58Z WARN  hanoi_1m::swarm] Agent 3 triggered Red-Flag: Invalid format or empty payload.
[2026-03-12T17:49:58Z WARN  hanoi_1m::swarm] Agent 1 triggered Red-Flag: Invalid format or empty payload.
[Tick 4] [-] REJECTED. 0 Stake Burned.
[2026-03-12T17:49:58Z INFO  hanoi_1m::swarm] >>> [Swarm] Computing Step 6/10 with 4 parallel branches...
[2026-03-12T17:50:19Z WARN  hanoi_1m::swarm] Agent 1 triggered Red-Flag: Invalid format or empty payload.
[Tick 5] [+] ACCEPTED. File Appended.
[Tick 6] [+] ACCEPTED. File Appended.
[Tick 7] [+] ACCEPTED. File Appended.
[2026-03-12T17:50:19Z INFO  hanoi_1m::swarm] >>> [Swarm] Computing Step 7/10 with 4 parallel branches...
[2026-03-12T17:50:48Z WARN  hanoi_1m::swarm] Agent 0 triggered Red-Flag: Invalid format or empty payload.
[2026-03-12T17:50:48Z WARN  hanoi_1m::swarm] Agent 2 triggered Red-Flag: Invalid format or empty payload.
[2026-03-12T17:50:48Z WARN  hanoi_1m::swarm] Agent 1 triggered Red-Flag: Invalid format or empty payload.
[2026-03-12T17:50:48Z WARN  hanoi_1m::swarm] Agent 3 triggered Red-Flag: Invalid format or empty payload.
[Tick 8] [-] REJECTED. 0 Stake Burned.
[2026-03-12T17:50:48Z INFO  hanoi_1m::swarm] >>> [Swarm] Computing Step 8/10 with 4 parallel branches...
[2026-03-12T17:51:17Z WARN  hanoi_1m::swarm] Agent 0 triggered Red-Flag: Invalid format or empty payload.
[2026-03-12T17:51:17Z WARN  hanoi_1m::swarm] Agent 2 triggered Red-Flag: Invalid format or empty payload.
[2026-03-12T17:51:17Z WARN  hanoi_1m::swarm] Agent 3 triggered Red-Flag: Invalid format or empty payload.
[2026-03-12T17:51:17Z WARN  hanoi_1m::swarm] Agent 1 triggered Red-Flag: Invalid format or empty payload.
[Tick 9] [-] REJECTED. 0 Stake Burned.
>>> MapReduce Triggered: Pricing Tensor Injected. <<<
[2026-03-12T17:51:17Z INFO  hanoi_1m::swarm] >>> [Swarm] Computing Step 9/10 with 4 parallel branches...
[2026-03-12T17:51:46Z WARN  hanoi_1m::swarm] Agent 0 triggered Red-Flag: Invalid format or empty payload.
[2026-03-12T17:51:46Z WARN  hanoi_1m::swarm] Agent 2 triggered Red-Flag: Invalid format or empty payload.
[2026-03-12T17:51:46Z WARN  hanoi_1m::swarm] Agent 3 triggered Red-Flag: Invalid format or empty payload.
[2026-03-12T17:51:46Z WARN  hanoi_1m::swarm] Agent 1 triggered Red-Flag: Invalid format or empty payload.
[Tick 10] [-] REJECTED. 0 Stake Burned.
[2026-03-12T17:51:46Z INFO  hanoi_1m::swarm] >>> [Swarm] Computing Step 10/10 with 4 parallel branches...
[2026-03-12T17:52:16Z WARN  hanoi_1m::swarm] Agent 0 triggered Red-Flag: Invalid format or empty payload.
[2026-03-12T17:52:16Z WARN  hanoi_1m::swarm] Agent 1 triggered Red-Flag: Invalid format or empty payload.
[Tick 11] [+] ACCEPTED. File Appended.
==== [HALT] DOUBLE-CIRCLE REACHED. UNIVERSE FROZEN. ====
>>> Forcing Final MapReduce Settlement (Judgment Day)... <<<
--- TAPE AUDIT DUMP ---
ID: step_6_branch_2 | Parent: ["step_4_branch_3"] | Price: 0.00 | Payload: [Moves: Move disk 1 from Peg 2 to Peg 3] [State: Peg 1: [2..20], Peg 2: [], Peg 3: [1]]
ID: step_10_branch_3 | Parent: ["step_6_branch_2"] | Price: 0.00 | Payload: [Moves: Move disk 2 from Peg 1 to Peg 3] [State: Peg 1: [2..20], Peg 2: [], Peg 3: [1, 2]]
ID: step_6_branch_0 | Parent: ["step_4_branch_3"] | Price: 0.00 | Payload: [Moves: Move disk 1 from Peg 2 to Peg 3] [State: Peg 1: [2..20], Peg 2: [], Peg 3: [1]]
ID: step_4_branch_3 | Parent: [] | Price: 0.00 | Payload: [Moves: Move disk 1 from Peg 1 to Peg 2] [State: Peg 1: [2..20], Peg 2: [1], Peg 3: []]
ID: step_6_branch_3 | Parent: ["step_4_branch_3"] | Price: 0.00 | Payload: [Moves: Move disk 1 from Peg 1 to Peg 2] [State: Peg 1: [2..20], Peg 2: [1], Peg 3: []]
-----------------------
V3 MAKER Hanoi Network Test Complete.
