warning: unused variable: `file`
   --> src/kernel.rs:180:22
    |
180 |             for (id, file) in &tape.files {
    |                      ^^^^ help: if this is intentional, prefix it with an underscore: `_file`
    |
    = note: `#[warn(unused_variables)]` (part of `#[warn(unused)]`) on by default

warning: useless assignment of variable of type `Q` to itself
   --> src/kernel.rs:269:13
    |
269 |             qt = qt; 
    |             ^^^^^^^
    |
    = note: `#[warn(dead_code)]` (part of `#[warn(unused)]`) on by default

warning: `turingosv3` (lib) generated 2 warnings (run `cargo fix --lib -p turingosv3` to apply 1 suggestion)
warning: unused imports: `debug` and `error`
 --> experiments/hanoi_1m/src/swarm.rs:4:17
  |
4 | use log::{info, error, debug};
  |                 ^^^^^  ^^^^^
  |
  = note: `#[warn(unused_imports)]` (part of `#[warn(unused)]`) on by default

warning: `hanoi_1m` (lib) generated 1 warning (run `cargo fix --lib -p hanoi_1m` to apply 1 suggestion)
   Compiling hanoi_1m v0.1.0 (/home/zephryj/projects/turingosv3/experiments/hanoi_1m)
    Finished `dev` profile [unoptimized + debuginfo] target(s) in 1.20s
     Running `target/debug/network_test`
Starting V3 MAKER Hanoi Test on Windows1-W1 GPU Backend...
>>> TuringOS Kernel Booted. Awaiting HALT. <<<
[2026-03-12T18:02:15Z INFO  hanoi_1m::swarm] >>> [Swarm] Computing Step 1/100 with 4 parallel branches...
[2026-03-12T18:02:44Z WARN  hanoi_1m::swarm] Agent 2 triggered Red-Flag: Invalid format or empty payload.
[2026-03-12T18:02:44Z WARN  hanoi_1m::swarm] Agent 1 triggered Red-Flag: Invalid format or empty payload.
[2026-03-12T18:02:44Z WARN  hanoi_1m::swarm] Agent 3 triggered Red-Flag: Invalid format or empty payload.
[2026-03-12T18:02:44Z WARN  hanoi_1m::swarm] Agent 0 triggered Red-Flag: Invalid format or empty payload.
[Tick 0] [-] REJECTED. 0 Stake Burned.
[2026-03-12T18:02:44Z INFO  hanoi_1m::swarm] >>> [Swarm] Computing Step 2/100 with 4 parallel branches...
[2026-03-12T18:03:13Z WARN  hanoi_1m::swarm] Agent 1 triggered Red-Flag: Invalid format or empty payload.
[2026-03-12T18:03:13Z WARN  hanoi_1m::swarm] Agent 0 triggered Red-Flag: Invalid format or empty payload.
[2026-03-12T18:03:13Z WARN  hanoi_1m::swarm] Agent 2 triggered Red-Flag: Invalid format or empty payload.
[2026-03-12T18:03:13Z WARN  hanoi_1m::swarm] Agent 3 triggered Red-Flag: Invalid format or empty payload.
[Tick 1] [-] REJECTED. 0 Stake Burned.
[2026-03-12T18:03:13Z INFO  hanoi_1m::swarm] >>> [Swarm] Computing Step 3/100 with 4 parallel branches...
[2026-03-12T18:03:42Z WARN  hanoi_1m::swarm] Agent 1 triggered Red-Flag: Invalid format or empty payload.
[2026-03-12T18:03:42Z WARN  hanoi_1m::swarm] Agent 3 triggered Red-Flag: Invalid format or empty payload.
[2026-03-12T18:03:42Z WARN  hanoi_1m::swarm] Agent 0 triggered Red-Flag: Invalid format or empty payload.
[2026-03-12T18:03:42Z WARN  hanoi_1m::swarm] Agent 2 triggered Red-Flag: Invalid format or empty payload.
[Tick 2] [-] REJECTED. 0 Stake Burned.
[2026-03-12T18:03:42Z INFO  hanoi_1m::swarm] >>> [Swarm] Computing Step 4/100 with 4 parallel branches...
[2026-03-12T18:04:11Z WARN  hanoi_1m::swarm] Agent 1 triggered Red-Flag: Invalid format or empty payload.
[2026-03-12T18:04:11Z WARN  hanoi_1m::swarm] Agent 3 triggered Red-Flag: Invalid format or empty payload.
[2026-03-12T18:04:11Z WARN  hanoi_1m::swarm] Agent 0 triggered Red-Flag: Invalid format or empty payload.
[2026-03-12T18:04:11Z WARN  hanoi_1m::swarm] Agent 2 triggered Red-Flag: Invalid format or empty payload.
[Tick 3] [-] REJECTED. 0 Stake Burned.
[2026-03-12T18:04:11Z INFO  hanoi_1m::swarm] >>> [Swarm] Computing Step 5/100 with 4 parallel branches...
[2026-03-12T18:04:40Z WARN  hanoi_1m::swarm] Agent 0 triggered Red-Flag: Invalid format or empty payload.
[2026-03-12T18:04:40Z WARN  hanoi_1m::swarm] Agent 2 triggered Red-Flag: Invalid format or empty payload.
[2026-03-12T18:04:40Z WARN  hanoi_1m::swarm] Agent 3 triggered Red-Flag: Invalid format or empty payload.
[2026-03-12T18:04:40Z WARN  hanoi_1m::swarm] Agent 1 triggered Red-Flag: Invalid format or empty payload.
[Tick 4] [-] REJECTED. 0 Stake Burned.
[2026-03-12T18:04:40Z INFO  hanoi_1m::swarm] >>> [Swarm] Computing Step 6/100 with 4 parallel branches...
[2026-03-12T18:05:08Z WARN  hanoi_1m::swarm] Agent 3 triggered Red-Flag: Invalid format or empty payload.
[2026-03-12T18:05:08Z WARN  hanoi_1m::swarm] Agent 1 triggered Red-Flag: Invalid format or empty payload.
[2026-03-12T18:05:08Z WARN  hanoi_1m::swarm] Agent 2 triggered Red-Flag: Invalid format or empty payload.
[2026-03-12T18:05:08Z WARN  hanoi_1m::swarm] Agent 0 triggered Red-Flag: Invalid format or empty payload.
[Tick 5] [-] REJECTED. 0 Stake Burned.
[2026-03-12T18:05:08Z INFO  hanoi_1m::swarm] >>> [Swarm] Computing Step 7/100 with 4 parallel branches...
[2026-03-12T18:05:37Z WARN  hanoi_1m::swarm] Agent 2 triggered Red-Flag: Invalid format or empty payload.
[2026-03-12T18:05:37Z WARN  hanoi_1m::swarm] Agent 1 triggered Red-Flag: Invalid format or empty payload.
[2026-03-12T18:05:37Z WARN  hanoi_1m::swarm] Agent 0 triggered Red-Flag: Invalid format or empty payload.
[2026-03-12T18:05:37Z WARN  hanoi_1m::swarm] Agent 3 triggered Red-Flag: Invalid format or empty payload.
[Tick 6] [-] REJECTED. 0 Stake Burned.
[2026-03-12T18:05:37Z INFO  hanoi_1m::swarm] >>> [Swarm] Computing Step 8/100 with 4 parallel branches...
[2026-03-12T18:06:06Z WARN  hanoi_1m::swarm] Agent 3 triggered Red-Flag: Invalid format or empty payload.
[2026-03-12T18:06:06Z WARN  hanoi_1m::swarm] Agent 0 triggered Red-Flag: Invalid format or empty payload.
[2026-03-12T18:06:06Z WARN  hanoi_1m::swarm] Agent 1 triggered Red-Flag: Invalid format or empty payload.
[2026-03-12T18:06:06Z WARN  hanoi_1m::swarm] Agent 2 triggered Red-Flag: Invalid format or empty payload.
[Tick 7] [-] REJECTED. 0 Stake Burned.
[2026-03-12T18:06:06Z INFO  hanoi_1m::swarm] >>> [Swarm] Computing Step 9/100 with 4 parallel branches...
[2026-03-12T18:06:35Z WARN  hanoi_1m::swarm] Agent 2 triggered Red-Flag: Invalid format or empty payload.
[2026-03-12T18:06:35Z WARN  hanoi_1m::swarm] Agent 1 triggered Red-Flag: Invalid format or empty payload.
[2026-03-12T18:06:35Z WARN  hanoi_1m::swarm] Agent 0 triggered Red-Flag: Invalid format or empty payload.
[2026-03-12T18:06:35Z WARN  hanoi_1m::swarm] Agent 3 triggered Red-Flag: Invalid format or empty payload.
[Tick 8] [-] REJECTED. 0 Stake Burned.
[2026-03-12T18:06:35Z INFO  hanoi_1m::swarm] >>> [Swarm] Computing Step 10/100 with 4 parallel branches...
[2026-03-12T18:07:04Z WARN  hanoi_1m::swarm] Agent 1 triggered Red-Flag: Invalid format or empty payload.
[2026-03-12T18:07:04Z WARN  hanoi_1m::swarm] Agent 3 triggered Red-Flag: Invalid format or empty payload.
[2026-03-12T18:07:04Z WARN  hanoi_1m::swarm] Agent 0 triggered Red-Flag: Invalid format or empty payload.
[2026-03-12T18:07:04Z WARN  hanoi_1m::swarm] Agent 2 triggered Red-Flag: Invalid format or empty payload.
[Tick 9] [-] REJECTED. 0 Stake Burned.
>>> MapReduce Triggered: Pricing Tensor Injected. <<<
[2026-03-12T18:07:04Z INFO  hanoi_1m::swarm] >>> [Swarm] Computing Step 11/100 with 4 parallel branches...
