2026-04-03T08:35:10Z | warn | R-006 | /home/zephryj/projects/turingosv3/src/kernel.rs | WARNING: kernel.rs 是纯拓扑层, 修改需要用户确认 + kernel-auditor 审计
2026-04-03T08:35:10Z | warn | R-006 | /home/zephryj/projects/turingosv3/src/kernel.rs | WARNING: kernel.rs 是纯拓扑层, 修改需要用户确认 + kernel-auditor 审计
2026-04-03T08:35:11Z | block | R-002 | /home/zephryj/projects/turingosv3/src/test.rs | BLOCKED: Coin minting / free balance detected — economy is invest-only (Law 2, V-001/V-002)
2026-04-03T08:35:11Z | warn | R-006 | /home/zephryj/projects/turingosv3/src/kernel.rs | WARNING: kernel.rs 是纯拓扑层, 修改需要用户确认 + kernel-auditor 审计
2026-04-03T08:35:49Z | warn | R-006 | /home/zephryj/projects/turingosv3/src/kernel.rs | WARNING: kernel.rs 是纯拓扑层, 修改需要用户确认 + kernel-auditor 审计
2026-04-03T08:36:19Z | block | R-001 | /home/zephryj/projects/turingosv3/src/kernel.rs | BLOCKED: Domain-specific term detected in kernel.rs — kernel must remain pure topology (Law 1)
2026-04-03T08:36:19Z | warn | R-006 | /home/zephryj/projects/turingosv3/src/kernel.rs | WARNING: kernel.rs 是纯拓扑层, 修改需要用户确认 + kernel-auditor 审计
2026-04-03T08:36:19Z | block | R-004 | /home/zephryj/projects/turingosv3/experiments/zeta_sum_proof/prompt/problem.txt | BLOCKED: Lean 4 syntax detected in prompt file — prompts must use traditional math only (Rule 22)
2026-04-03T10:19:07Z | block | R-001 | /home/zephryj/projects/turingosv3/src/kernel.rs | BLOCKED: Domain-specific term detected in kernel.rs — kernel must remain pure topology (Law 1)
2026-04-03T10:19:07Z | block | R-002 | /home/zephryj/projects/turingosv3/src/test.rs | BLOCKED: Coin minting / free balance detected — economy is invest-only (Law 2, V-001/V-002)
2026-04-03T10:19:08Z | block | R-004 | /home/zephryj/projects/turingosv3/experiments/zeta_sum_proof/prompt/problem.txt | BLOCKED: Lean 4 syntax detected in prompt file — prompts must use traditional math only (Rule 22)
2026-04-03T10:21:27Z | block | R-001 | /home/zephryj/projects/turingosv3/src/kernel.rs | BLOCKED: Domain-specific term detected in kernel.rs — kernel must remain pure topology (Law 1)
2026-04-03T10:21:28Z | block | R-002 | /home/zephryj/projects/turingosv3/src/test.rs | BLOCKED: Coin minting / free balance detected — economy is invest-only (Law 2, V-001/V-002)
2026-04-03T10:21:28Z | block | R-004 | /home/zephryj/projects/turingosv3/experiments/test/prompt/p.txt | BLOCKED: Lean 4 syntax detected in prompt file — prompts must use traditional math only (Rule 22)
2026-04-04T00:40:06Z | warn | R-010 | /home/zephryj/projects/turingosv3/experiments/zeta_sum_proof/sweep_v4.py | WARNING: Thinking mode configuration change — verify performance and cost implications
2026-04-04T02:36:29Z | warn | R-010 | /tmp/sweep_v4_lan.py | WARNING: Thinking mode configuration change — verify performance and cost implications
2026-04-04T04:05:24Z | warn | R-010 | /home/zephryj/projects/turingosv3/experiments/zeta_sum_proof/sweep_v4.py | WARNING: Thinking mode configuration change — verify performance and cost implications
2026-04-04T04:07:06Z | warn | R-010 | /home/zephryj/projects/turingosv3/experiments/zeta_sum_proof/sweep_v4.py | WARNING: Thinking mode configuration change — verify performance and cost implications
2026-04-04T04:07:16Z | warn | R-010 | /home/zephryj/projects/turingosv3/experiments/zeta_sum_proof/sweep_v4.py | WARNING: Thinking mode configuration change — verify performance and cost implications
2026-04-04T04:09:59Z | warn | R-010 | /home/zephryj/projects/turingosv3/experiments/zeta_sum_proof/sweep_v4.py | WARNING: Thinking mode configuration change — verify performance and cost implications
2026-04-04T04:12:00Z | warn | R-010 | /home/zephryj/projects/turingosv3/experiments/zeta_sum_proof/sweep_v4.py | WARNING: Thinking mode configuration change — verify performance and cost implications
2026-04-04T04:12:16Z | warn | R-010 | /home/zephryj/projects/turingosv3/experiments/zeta_sum_proof/sweep_v4.py | WARNING: Thinking mode configuration change — verify performance and cost implications
2026-04-04T05:03:46Z | warn | R-010 | /home/zephryj/projects/turingosv3/experiments/zeta_sum_proof/sweep_v4.py | WARNING: Thinking mode configuration change — verify performance and cost implications
2026-04-04T07:11:44Z | block | R-005 | /home/zephryj/projects/turingosv3/experiments/zeta_sum_proof/src/bin/evaluator.rs | BLOCKED: Forced investment pattern detected — staking must be voluntary with PASS/NOP option (Law 2)
2026-04-05T02:03:13Z | warn | R-006 | /home/zephryj/projects/turingosv3/src/kernel.rs | WARNING: kernel.rs 是纯拓扑层, 修改需要用户确认 + kernel-auditor 审计
2026-04-05T02:06:07Z | warn | R-008 | /home/zephryj/projects/turingosv3/src/bus.rs | WARNING: Market constant change detected — verify LP amounts and initial balances are intentional
2026-04-05T02:08:58Z | warn | R-008 | /home/zephryj/projects/turingosv3/src/bus.rs | WARNING: Market constant change detected — verify LP amounts and initial balances are intentional
2026-04-05T02:19:36Z | warn | R-006 | /home/zephryj/projects/turingosv3/src/kernel.rs | WARNING: kernel.rs 是纯拓扑层, 修改需要用户确认 + kernel-auditor 审计
